  fractional.c
c:\users\intern\desktop\testapp\src\fractional.c(111): warning C4244: 'return': conversion from 'q63' to 'q31', possible loss of data
c:\users\intern\desktop\testapp\src\fractional.c(139): warning C4244: 'function': conversion from 'int64_t' to 'q31', possible loss of data
c:\users\intern\desktop\testapp\src\fractional.c(145): warning C4244: 'function': conversion from 'int64_t' to 'q31', possible loss of data
c:\users\intern\desktop\testapp\src\fractional.c(148): warning C4244: 'function': conversion from 'int64_t' to 'q31', possible loss of data
c:\users\intern\desktop\testapp\src\fractional.c(154): warning C4244: 'function': conversion from 'int64_t' to 'q31', possible loss of data
c:\users\intern\desktop\testapp\src\fractional.c(132): warning C4101: 'tmp': unreferenced local variable
c:\users\intern\desktop\testapp\src\fractional.c(167): warning C4244: 'initializing': conversion from 'q63' to 'q31', possible loss of data
c:\users\intern\desktop\testapp\src\fractional.c(184): warning C4244: 'return': conversion from 'q63' to 'q31', possible loss of data
c:\users\intern\desktop\testapp\src\fractional.c(191): warning C4244: 'function': conversion from 'q63' to 'q31', possible loss of data
c:\users\intern\desktop\testapp\src\fractional.c(239): warning C4477: 'printf' : format string '%ld' requires an argument of type 'long', but variadic argument 3 has type 'int64_t'
  c:\users\intern\desktop\testapp\src\fractional.c(239): note: consider using '%lld' in the format string
  c:\users\intern\desktop\testapp\src\fractional.c(239): note: consider using '%I64d' in the format string
c:\users\intern\desktop\testapp\src\fractional.c(252): warning C4244: 'function': conversion from 'double' to 'flt', possible loss of data
c:\users\intern\desktop\testapp\src\fractional.c(270): warning C4244: 'return': conversion from 'double' to 'flt', possible loss of data
c:\users\intern\desktop\testapp\src\fractional.c(305): warning C4244: 'initializing': conversion from 'double' to 'flt', possible loss of data
c:\users\intern\desktop\testapp\src\fractional.c(306): warning C4244: 'initializing': conversion from 'double' to 'flt', possible loss of data
c:\users\intern\desktop\testapp\src\fractional.c(307): warning C4244: 'initializing': conversion from 'double' to 'flt', possible loss of data
c:\users\intern\desktop\testapp\src\fractional.c(322): warning C4244: 'return': conversion from 'double' to 'flt', possible loss of data
c:\users\intern\desktop\testapp\src\fractional.c(327): warning C4244: 'return': conversion from 'double' to 'flt', possible loss of data
  Fractional.vcxproj -> C:\Users\Intern\Desktop\TestApp\build\tmp\Fractional\Debug\Fractional.lib
